Started on Wed Aug 14 08:45:56 2024
Command line was: /scratch/txsaureus/softwares/amber18/miniconda/lib/python2.7/site-packages/alchemical_analysis-1.0.2.dev0-py2.7.egg/alchemical_analysis/alchemical_analysis.py -a AMBER -d . -p *.*/ti00[1-2] -q out -o . -r 5 -u kcal -s 2000 --methods=TI -i 1

Loading in data from ./0.20/ti001.out...  5000 data points, 1 DV/DL averages
Loading in data from ./0.15/ti001.out...  5000 data points, 1 DV/DL averages
Loading in data from ./0.95/ti001.out...  5000 data points, 1 DV/DL averages
Loading in data from ./0.85/ti001.out...  5000 data points, 1 DV/DL averages
Loading in data from ./0.75/ti001.out...  5000 data points, 1 DV/DL averages
Loading in data from ./0.00/ti001.out...  5000 data points, 1 DV/DL averages
Loading in data from ./0.35/ti001.out...  5000 data points, 1 DV/DL averages
Loading in data from ./0.55/ti001.out...  5000 data points, 1 DV/DL averages
Loading in data from ./0.90/ti001.out...  5000 data points, 1 DV/DL averages
Loading in data from ./0.25/ti001.out...  5000 data points, 1 DV/DL averages
Loading in data from ./0.05/ti001.out...  5000 data points, 1 DV/DL averages
Loading in data from ./0.10/ti001.out...  5000 data points, 1 DV/DL averages
Loading in data from ./0.45/ti001.out...  5000 data points, 1 DV/DL averages
Loading in data from ./0.30/ti001.out...  5000 data points, 1 DV/DL averages
Loading in data from ./0.80/ti001.out...  5000 data points, 1 DV/DL averages
Loading in data from ./0.40/ti001.out...  5000 data points, 1 DV/DL averages
Loading in data from ./0.65/ti001.out...  5000 data points, 1 DV/DL averages
Loading in data from ./1.00/ti001.out...  5000 data points, 1 DV/DL averages
Loading in data from ./0.50/ti001.out...  5000 data points, 1 DV/DL averages
Loading in data from ./0.60/ti001.out...  5000 data points, 1 DV/DL averages
Loading in data from ./0.70/ti001.out...  5000 data points, 1 DV/DL averages

Sorting input data by starting time

Note: BAR/MBAR results are not computed.

Skipping first 1000 steps (= 2000.000000 ps)


The gradients (DV/DL) from the correlated samples (kcal/mol):

Lambda   gradient
-----------------
0.00000   -19.284
0.05000   -19.385
0.10000   -19.627
0.15000   -19.727
0.20000   -19.934
0.25000   -20.035
0.30000   -20.039
0.35000   -20.289
0.40000   -20.263
0.45000   -20.575
0.50000   -20.704
0.55000   -20.930
0.60000   -21.222
0.65000   -21.015
0.70000   -21.671
0.75000   -21.493
0.80000   -21.585
0.85000   -22.436
0.90000   -22.083
0.95000   -22.603
1.00000   -23.384
-----------------
   dG =   -20.847

The correlated gradient (DV/DL) components from _every_single_ step (kcal/mol):

Lambda       BOND     ANGLE     DIHED    1-4 NB   1-4 EEL   VDWAALS     EELEC RESTRAINT
---------------------------------------------------------------------------------------
0.00000     0.000     0.000     0.000     0.000   -23.369     0.000     4.104     0.000
0.05000     0.000     0.000     0.000     0.000   -23.367     0.000     3.992     0.000
0.10000     0.000     0.000     0.000     0.000   -23.363     0.000     3.804     0.000
0.15000     0.000     0.000     0.000     0.000   -23.367     0.000     3.673     0.000
0.20000     0.000     0.000     0.000     0.000   -23.381     0.000     3.451     0.000
0.25000     0.000     0.000     0.000     0.000   -23.380     0.000     3.374     0.000
0.30000     0.000     0.000     0.000     0.000   -23.382     0.000     3.332     0.000
0.35000     0.000     0.000     0.000     0.000   -23.384     0.000     3.128     0.000
0.40000     0.000     0.000     0.000     0.000   -23.393     0.000     3.113     0.000
0.45000     0.000     0.000     0.000     0.000   -23.395     0.000     2.832     0.000
0.50000     0.000     0.000     0.000     0.000   -23.401     0.000     2.716     0.000
0.55000     0.000     0.000     0.000     0.000   -23.399     0.000     2.493     0.000
0.60000     0.000     0.000     0.000     0.000   -23.383     0.000     2.184     0.000
0.65000     0.000     0.000     0.000     0.000   -23.384     0.000     2.240     0.000
0.70000     0.000     0.000     0.000     0.000   -23.372     0.000     1.726     0.000
0.75000     0.000     0.000     0.000     0.000   -23.388     0.000     1.830     0.000
0.80000     0.000     0.000     0.000     0.000   -23.389     0.000     1.690     0.000
0.85000     0.000     0.000     0.000     0.000   -23.381     0.000     1.026     0.000
0.90000     0.000     0.000     0.000     0.000   -23.375     0.000     1.117     0.000
0.95000     0.000     0.000     0.000     0.000   -23.384     0.000     0.652     0.000
1.00000     0.000     0.000     0.000     0.000   -23.349     0.000    -0.094     0.000
---------------------------------------------------------------------------------------
   dG =     0.000     0.000     0.000     0.000   -23.381     0.000     2.519     0.000 



Number of correlated and uncorrelated samples:

 State            N          N_k        N/N_k

     0          538          538         7.44
     1          354          354        11.31
     2          471          471         8.50
     3          620          620         6.46
     4          445          445         8.99
     5          481          481         8.33
     6          885          885         4.52
     7          734          734         5.45
     8          347          347        11.54
     9          755          755         5.30
    10          816          816         4.90
    11          664          664         6.03
    12          449          449         8.91
    13          452          452         8.86
    14           65           65        62.49
    15          357          357        11.22
    16          356          356        11.27
    17          197          197        20.39
    18           49           49        82.69
    19           35           35       116.09
    20           50           50        81.45
Estimating the free energy change with TI...
------------ ------------------------- 
   States             TI (kcal/mol)    
------------ ------------------------- 
   0 -- 1        -0.96722  +-  0.00215 
   1 -- 2        -0.97512  +-  0.00229 
   2 -- 3        -0.98289  +-  0.00200 
   3 -- 4        -0.98938  +-  0.00192 
   4 -- 5        -0.99774  +-  0.00214 
   5 -- 6        -1.00095  +-  0.00186 
   6 -- 7        -1.00963  +-  0.00166 
   7 -- 8        -1.01558  +-  0.00207 
   8 -- 9        -1.02085  +-  0.00199 
   9 -- 10       -1.03208  +-  0.00175 
  10 -- 11       -1.04144  +-  0.00178 
  11 -- 12       -1.05638  +-  0.00212 
  12 -- 13       -1.05569  +-  0.00228 
  13 -- 14       -1.06656  +-  0.00560 
  14 -- 15       -1.08069  +-  0.00571 
  15 -- 16       -1.07869  +-  0.00268 
  16 -- 17       -1.09995  +-  0.00407 
  17 -- 18       -1.11561  +-  0.00658 
  18 -- 19       -1.12301  +-  0.00962 
  19 -- 20       -1.14407  +-  0.01071 
------------ ------------------------- 
    TOTAL:      -20.85353  +-  0.02698 

**************************************
   The above table has been stored in   
             ./results.txt              
     while the full-precision data      
 (along with the simulation profile) in 
            ./results.pickle            
**************************************

Time spent: 0 hours, 5 minutes, and 3.31 seconds.
Finished on Wed Aug 14 08:50:59 2024
