Started on Tue Aug 13 16:20:53 2024
Command line was: /scratch/txsaureus/softwares/amber18/miniconda/lib/python2.7/site-packages/alchemical_analysis-1.0.2.dev0-py2.7.egg/alchemical_analysis/alchemical_analysis.py -a AMBER -d . -p *.*/ti00[1-2] -q out -o . -r 5 -u kcal -s 2000 --methods=TI -i 1

Loading in data from ./0.20/ti001.out...  5000 data points, 1 DV/DL averages
Loading in data from ./0.15/ti001.out...  5000 data points, 1 DV/DL averages
Loading in data from ./0.95/ti001.out...  5000 data points, 1 DV/DL averages
Loading in data from ./0.85/ti001.out...  5000 data points, 1 DV/DL averages
Loading in data from ./0.75/ti001.out...  5000 data points, 1 DV/DL averages
Loading in data from ./0.00/ti001.out...  5000 data points, 1 DV/DL averages
Loading in data from ./0.35/ti001.out...  5000 data points, 1 DV/DL averages
Loading in data from ./0.55/ti001.out...  5000 data points, 1 DV/DL averages
Loading in data from ./0.90/ti001.out...  5000 data points, 1 DV/DL averages
Loading in data from ./0.25/ti001.out...  5000 data points, 1 DV/DL averages
Loading in data from ./0.05/ti001.out...  5000 data points, 1 DV/DL averages
Loading in data from ./0.10/ti001.out...  5000 data points, 1 DV/DL averages
Loading in data from ./0.45/ti001.out...  5000 data points, 1 DV/DL averages
Loading in data from ./0.30/ti001.out...  5000 data points, 1 DV/DL averages
Loading in data from ./0.80/ti001.out...  5000 data points, 1 DV/DL averages
Loading in data from ./0.40/ti001.out...  5000 data points, 1 DV/DL averages
Loading in data from ./0.65/ti001.out...  5000 data points, 1 DV/DL averages
Loading in data from ./1.00/ti001.out...  5000 data points, 1 DV/DL averages
Loading in data from ./0.50/ti001.out...  5000 data points, 1 DV/DL averages
Loading in data from ./0.60/ti001.out...  5000 data points, 1 DV/DL averages
Loading in data from ./0.70/ti001.out...  5000 data points, 1 DV/DL averages

Sorting input data by starting time

Note: BAR/MBAR results are not computed.

Skipping first 1000 steps (= 2000.000000 ps)


The gradients (DV/DL) from the correlated samples (kcal/mol):

Lambda   gradient
-----------------
0.00000    -3.665
0.05000    -3.563
0.10000    -2.910
0.15000    -2.349
0.20000    -1.249
0.25000    -0.611
0.30000     0.193
0.35000    -0.064
0.40000     1.072
0.45000     0.933
0.50000     1.857
0.55000     2.461
0.60000     2.869
0.65000     2.789
0.70000     3.011
0.75000     3.370
0.80000     3.004
0.85000     3.034
0.90000     3.444
0.95000     3.251
1.00000     3.115
-----------------
   dG =     1.013

The correlated gradient (DV/DL) components from _every_single_ step (kcal/mol):

Lambda       BOND     ANGLE     DIHED    1-4 NB   1-4 EEL   VDWAALS     EELEC RESTRAINT
---------------------------------------------------------------------------------------
0.00000     0.000     0.000     0.000     4.179     0.000    -6.242     0.000     0.000
0.05000     0.000     0.000     0.000     3.570     0.000    -6.074     0.000     0.000
0.10000     0.000     0.000     0.000     3.253     0.000    -5.381     0.000     0.000
0.15000     0.000     0.000     0.000     2.866     0.000    -5.465     0.000     0.000
0.20000     0.000     0.000     0.000     2.682     0.000    -4.962     0.000     0.000
0.25000     0.000     0.000     0.000     2.472     0.000    -4.816     0.000     0.000
0.30000     0.000     0.000     0.000     2.294     0.000    -4.670     0.000     0.000
0.35000     0.000     0.000     0.000     2.188     0.000    -5.086     0.000     0.000
0.40000     0.000     0.000     0.000     2.017     0.000    -4.578     0.000     0.000
0.45000     0.000     0.000     0.000     1.895     0.000    -4.903     0.000     0.000
0.50000     0.000     0.000     0.000     1.813     0.000    -4.763     0.000     0.000
0.55000     0.000     0.000     0.000     1.661     0.000    -4.697     0.000     0.000
0.60000     0.000     0.000     0.000     1.571     0.000    -4.723     0.000     0.000
0.65000     0.000     0.000     0.000     1.450     0.000    -4.832     0.000     0.000
0.70000     0.000     0.000     0.000     1.302     0.000    -4.913     0.000     0.000
0.75000     0.000     0.000     0.000     1.206     0.000    -4.918     0.000     0.000
0.80000     0.000     0.000     0.000     1.100     0.000    -5.092     0.000     0.000
0.85000     0.000     0.000     0.000     1.059     0.000    -5.139     0.000     0.000
0.90000     0.000     0.000     0.000     0.931     0.000    -5.158     0.000     0.000
0.95000     0.000     0.000     0.000     0.839     0.000    -5.192     0.000     0.000
1.00000     0.000     0.000     0.000     0.736     0.000    -5.271     0.000     0.000
---------------------------------------------------------------------------------------
   dG =     0.000     0.000     0.000     1.931     0.000    -5.056     0.000     0.000 



Number of correlated and uncorrelated samples:

 State            N          N_k        N/N_k

     0         3002         3002         1.33
     1         1971         1971         2.03
     2         2653         2653         1.51
     3          850          850         4.71
     4          179          179        22.36
     5          113          113        35.57
     6          150          150        26.81
     7          527          527         7.59
     8          168          168        23.82
     9         1379         1379         2.90
    10          208          208        19.26
    11          672          672         5.96
    12           87           87        46.01
    13         3240         3240         1.23
    14         2817         2817         1.42
    15         3237         3237         1.24
    16         3311         3311         1.21
    17         3350         3350         1.19
    18         3687         3687         1.08
    19         3333         3333         1.20
    20         3627         3627         1.10
Estimating the free energy change with TI...
------------ ------------------------- 
   States             TI (kcal/mol)    
------------ ------------------------- 
   0 -- 1        -0.18519  +-  0.00254 
   1 -- 2        -0.16369  +-  0.00246 
   2 -- 3        -0.13128  +-  0.00299 
   3 -- 4        -0.09737  +-  0.00731 
   4 -- 5        -0.05082  +-  0.00991 
   5 -- 6        -0.00913  +-  0.01066 
   6 -- 7         0.00107  +-  0.00891 
   7 -- 8         0.02015  +-  0.00880 
   8 -- 9         0.04505  +-  0.00824 
   9 -- 10        0.08156  +-  0.00913 
  10 -- 11        0.12123  +-  0.01002 
  11 -- 12        0.12882  +-  0.01747 
  12 -- 13        0.13662  +-  0.01691 
  13 -- 14        0.14439  +-  0.00329 
  14 -- 15        0.15755  +-  0.00338 
  15 -- 16        0.15836  +-  0.00327 
  16 -- 17        0.15051  +-  0.00328 
  17 -- 18        0.16221  +-  0.00327 
  18 -- 19        0.16862  +-  0.00325 
  19 -- 20        0.15825  +-  0.00319 
------------ ------------------------- 
    TOTAL:        0.99690  +-  0.05211 

**************************************
   The above table has been stored in   
             ./results.txt              
     while the full-precision data      
 (along with the simulation profile) in 
            ./results.pickle            
**************************************

Time spent: 0 hours, 4 minutes, and 53.57 seconds.
Finished on Tue Aug 13 16:25:47 2024
