            --------------------------------------------------------
                             AMBER SQM VERSION 19
 
                                     By
              Ross C. Walker, Michael F. Crowley, Scott Brozell,
                         Tim Giese, Andreas W. Goetz,
                        Tai-Sung Lee and David A. Case
 
            --------------------------------------------------------
 

--------------------------------------------------------------------------------
  QM CALCULATION INFO
--------------------------------------------------------------------------------

| QMMM: Citation for AMBER QMMM Run:
| QMMM: R.C. Walker, M.F. Crowley and D.A. Case, J. COMP. CHEM. 29:1019, 2008

QMMM: SINGLET STATE CALCULATION
QMMM: RHF CALCULATION, NO. OF DOUBLY OCCUPIED LEVELS = 18

| QMMM: *** Selected Hamiltonian *** 
| QMMM: AM1         

| QMMM: *** Parameter sets in use ***
| QMMM: H : M.J.S.DEWAR et al. JACS, 107, 3902, (1985)
| QMMM: O : M.J.S.DEWAR et al. JACS, 107, 3902, (1985)
| QMMM: C : M.J.S.DEWAR et al. JACS, 107, 3902, (1985)

| QMMM: *** SCF convergence criteria ***
| QMMM: Energy change                :  0.1D-09 kcal/mol
| QMMM: Error matrix |FP-PF|         :  0.1D+00 au
| QMMM: Density matrix change        :  0.5D-06
| QMMM: Maximum number of SCF cycles :     1000

| QMMM: *** Diagonalization Routine Information ***
| QMMM: Pseudo diagonalizations are allowed.
| QMMM: Auto diagonalization routine selection is in use.
| QMMM:
| QMMM: Timing diagonalization routines:
| QMMM:                              norbs =       34
| QMMM:    diag iterations used for timing =       20
| QMMM:
| QMMM:              Internal diag routine = 0.001726 seconds
| QMMM:                 Dspev diag routine = 0.002473 seconds
| QMMM:                Dspevd diag routine = 0.001933 seconds
| QMMM:                Dspevx diag routine = 0.008036 seconds
| QMMM:                 Dsyev diag routine = 0.002896 seconds
| QMMM:                Dsyevd diag routine = 0.002579 seconds
| QMMM:                Dsyevr diag routine = 0.003131 seconds
| QMMM:
| QMMM:                Pseudo diag routine = 0.000455 seconds
| QMMM:
| QMMM: Using internal diagonalization routine (diag_routine=1).

  QMMM: QM Region Cartesian Coordinates (*=link atom) 
  QMMM: QM_NO.   MM_NO.  ATOM         X         Y         Z
  QMMM:     1        1      H       24.8130    4.8010    6.2790
  QMMM:     2        2      O       24.9960    4.4860    5.3910
  QMMM:     3        3      H       25.9680    4.2350    2.9500
  QMMM:     4        4      H       27.6890    5.6310    1.8950
  QMMM:     5        5      H       28.5730    7.5660    3.0890
  QMMM:     6        6      H       27.8210    8.0600    5.3860
  QMMM:     7        7      H       26.1870    6.5720    6.4960
  QMMM:     8        8      C       25.9780    5.3270    4.7790
  QMMM:     9        9      C       26.3950    5.0740    3.4990
  QMMM:    10       10      C       27.3400    5.8600    2.9020
  QMMM:    11       11      C       27.8370    6.9210    3.5690
  QMMM:    12       12      C       27.4200    7.1960    4.8560
  QMMM:    13       13      C       26.4980    6.3790    5.4690

--------------------------------------------------------------------------------
  RESULTS
--------------------------------------------------------------------------------

      iter         sqm energy              rms gradient
      ----    -------------------    -----------------------
xmin    10      -22.3623 kcal/mol        0.0103 kcal/(mol*A)
  ... geometry converged !
 
 Final MO eigenvalues (eV):
 -40.1401  -37.3840  -31.6215  -30.2571  -23.6832  -23.0036  -18.9986  -17.4248
 -16.5458  -15.0469  -15.0335  -14.4060  -14.2722  -12.6448  -12.5056  -11.9406
  -9.8508   -9.1145    0.3977    0.5080    2.8395    3.0257    3.8005    3.8349
   4.0820    4.3064    4.4232    4.7203    5.0368    5.2200    5.4189    5.6119
   5.8360    6.3191

 Heat of formation   =        -22.36229305 kcal/mol  (       -0.96970179 eV)

 Total SCF energy    =     -27003.12049465 kcal/mol  (    -1170.94317222 eV)
 Electronic energy   =    -102762.71600658 kcal/mol  (    -4456.12575372 eV)
 Core-core repulsion =      75759.59551193 kcal/mol  (     3285.18258150 eV)
 
    Atomic Charges for Step       1 :
  Atom    Element       Mulliken Charge
     1      H                  0.217
     2      O                 -0.253
     3      H                  0.150
     4      H                  0.134
     5      H                  0.133
     6      H                  0.132
     7      H                  0.133
     8      C                  0.078
     9      C                 -0.157
    10      C                 -0.097
    11      C                 -0.166
    12      C                 -0.092
    13      C                 -0.213
 Total Mulliken Charge =      -0.000
 
                  X        Y        Z     TOTAL  
  QM DIPOLE     0.359    0.911    0.749    1.233
 
 Final Structure

  QMMM: QM Region Cartesian Coordinates (*=link atom) 
  QMMM: QM_NO.   MM_NO.  ATOM         X         Y         Z
  QMMM:     1        1      H       24.8268    4.7812    6.2415
  QMMM:     2        2      O       25.0202    4.4721    5.3447
  QMMM:     3        3      H       25.9446    4.1662    2.9604
  QMMM:     4        4      H       27.6542    5.6341    1.8597
  QMMM:     5        5      H       28.6056    7.5831    3.0892
  QMMM:     6        6      H       27.8600    8.0787    5.4174
  QMMM:     7        7      H       26.1597    6.6263    6.5240
  QMMM:     8        8      C       25.9607    5.3168    4.7996
  QMMM:     9        9      C       26.3741    5.0290    3.4877
  QMMM:    10       10      C       27.3230    5.8498    2.8867
  QMMM:    11       11      C       27.8565    6.9418    3.5746
  QMMM:    12       12      C       27.4395    7.2184    4.8757
  QMMM:    13       13      C       26.4901    6.4105    5.4988

           --------- Calculation Completed ----------

