
                         MODELLER 10.0, 2021/01/25, r12005

     PROTEIN STRUCTURE MODELLING BY SATISFACTION OF SPATIAL RESTRAINTS


                     Copyright(c) 1989-2021 Andrej Sali
                            All Rights Reserved

                             Written by A. Sali
                               with help from
              B. Webb, M.S. Madhusudhan, M-Y. Shen, G.Q. Dong,
          M.A. Marti-Renom, N. Eswar, F. Alber, M. Topf, B. Oliva,
             A. Fiser, R. Sanchez, B. Yerkovich, A. Badretdinov,
                     F. Melo, J.P. Overington, E. Feyfant
                 University of California, San Francisco, USA
                    Rockefeller University, New York, USA
                      Harvard University, Cambridge, USA
                   Imperial Cancer Research Fund, London, UK
              Birkbeck College, University of London, London, UK


Kind, OS, HostName, Kernel, Processor: 4, Windows Vista build 9200, DESKTOP-CA8U23F, SMP, unknown
Date and time of compilation         : 2021/01/25 22:02:46
MODELLER executable type             : x86_64-w64
Job starting time (YY/MM/DD HH:MM:SS): 2021/04/26 17:40:46

environ____W> The class 'environ' is deprecated; use 'Environ' instead
openf___224_> Open           $(LIB)/restyp.lib
openf___224_> Open           ${MODINSTALL10v0}/modlib/resgrp.lib
rdresgr_266_> Number of residue groups:        2
openf___224_> Open           ${MODINSTALL10v0}/modlib/sstruc.lib

Dynamically allocated memory at   amaxlibraries [B,KiB,MiB]:       191566     187.076     0.183

Dynamically allocated memory at   amaxlibraries [B,KiB,MiB]:       192094     187.592     0.183
openf___224_> Open           ${MODINSTALL10v0}/modlib/resdih.lib

Dynamically allocated memory at   amaxlibraries [B,KiB,MiB]:       240694     235.053     0.230
rdrdih__263_> Number of dihedral angle types         :        9
              Maximal number of dihedral angle optima:        3
              Dihedral angle names                   :  Alph Phi Psi Omeg chi1 chi2 chi3 chi4 chi5
openf___224_> Open           ${MODINSTALL10v0}/modlib/radii.lib

Dynamically allocated memory at   amaxlibraries [B,KiB,MiB]:       253994     248.041     0.242
openf___224_> Open           ${MODINSTALL10v0}/modlib/af_mnchdef.lib
rdwilmo_274_> Mainchain residue conformation classes:  APBLE
openf___224_> Open           ${MODINSTALL10v0}/modlib/mnch.lib
rdclass_257_> Number of classes:        5
openf___224_> Open           ${MODINSTALL10v0}/modlib/mnch1.lib
openf___224_> Open           ${MODINSTALL10v0}/modlib/mnch2.lib
openf___224_> Open           ${MODINSTALL10v0}/modlib/mnch3.lib
openf___224_> Open           ${MODINSTALL10v0}/modlib/xs4.mat
rdrrwgh_268_> Number of residue types:       21
IOData_____W> Setting io.atom_files_directory to a colon-delimited string is
              deprecated, as it is not robust on Windows systems. Set it to
              a list of directories instead. For example:
              env.io.atom_files_directory = ['./', '../atom_files']
model______W> The class 'model' is deprecated; use 'Model' instead
openf___224_> Open           ./5xmv_A.pdb

Dynamically allocated memory at amaxcoordinates [B,KiB,MiB]:       265223     259.007     0.253

Dynamically allocated memory at    amaxsequence [B,KiB,MiB]:       265299     259.081     0.253

Dynamically allocated memory at amaxcoordinates [B,KiB,MiB]:       265470     259.248     0.253

Dynamically allocated memory at amaxcoordinates [B,KiB,MiB]:       266320     260.078     0.254

Dynamically allocated memory at amaxcoordinates [B,KiB,MiB]:       267578     261.307     0.255

Dynamically allocated memory at amaxcoordinates [B,KiB,MiB]:       269482     263.166     0.257

Dynamically allocated memory at    amaxsequence [B,KiB,MiB]:       269522     263.205     0.257

Dynamically allocated memory at amaxcoordinates [B,KiB,MiB]:       269612     263.293     0.257

Dynamically allocated memory at amaxcoordinates [B,KiB,MiB]:       272468     266.082     0.260

Dynamically allocated memory at amaxcoordinates [B,KiB,MiB]:       276752     270.266     0.264

Dynamically allocated memory at    amaxsequence [B,KiB,MiB]:       276812     270.324     0.264

Dynamically allocated memory at amaxcoordinates [B,KiB,MiB]:       276947     270.456     0.264

Dynamically allocated memory at    amaxsequence [B,KiB,MiB]:       277035     270.542     0.264

Dynamically allocated memory at amaxcoordinates [B,KiB,MiB]:       277233     270.735     0.264

Dynamically allocated memory at amaxcoordinates [B,KiB,MiB]:       283659     277.011     0.271

Dynamically allocated memory at    amaxsequence [B,KiB,MiB]:       283791     277.140     0.271

Dynamically allocated memory at amaxcoordinates [B,KiB,MiB]:       284088     277.430     0.271

Dynamically allocated memory at amaxcoordinates [B,KiB,MiB]:       293710     286.826     0.280

Dynamically allocated memory at    amaxsequence [B,KiB,MiB]:       293910     287.021     0.280

Dynamically allocated memory at amaxcoordinates [B,KiB,MiB]:       294360     287.461     0.281

Dynamically allocated memory at amaxcoordinates [B,KiB,MiB]:       308810     301.572     0.295

Dynamically allocated memory at    amaxsequence [B,KiB,MiB]:       309110     301.865     0.295

Dynamically allocated memory at amaxcoordinates [B,KiB,MiB]:       309785     302.524     0.295

Dynamically allocated memory at amaxcoordinates [B,KiB,MiB]:       331443     323.675     0.316

Dynamically allocated memory at    amaxsequence [B,KiB,MiB]:       331891     324.112     0.317

Dynamically allocated memory at amaxcoordinates [B,KiB,MiB]:       332899     325.097     0.317

Dynamically allocated memory at amaxcoordinates [B,KiB,MiB]:       365403     356.839     0.348

Dynamically allocated memory at    amaxsequence [B,KiB,MiB]:       366075     357.495     0.349

Dynamically allocated memory at amaxcoordinates [B,KiB,MiB]:       367587     358.972     0.351

Dynamically allocated memory at amaxcoordinates [B,KiB,MiB]:       416343     406.585     0.397
read_pd_459W> Residue type  PLG not recognized. 'AutoModel' model building
              will treat this residue as a rigid body.
              To use real parameters, add the residue type to ${LIB}/restyp.lib,
              its topology to ${LIB}/top_*.lib, and suitable forcefield
              parameters to ${LIB}/par.lib.
read_pd_459W> Residue type  8AU not recognized. 'AutoModel' model building
              will treat this residue as a rigid body.
              To use real parameters, add the residue type to ${LIB}/restyp.lib,
              its topology to ${LIB}/top_*.lib, and suitable forcefield
              parameters to ${LIB}/par.lib.
read_pd_459W> Residue type   CL not recognized. 'AutoModel' model building
              will treat this residue as a rigid body.
              To use real parameters, add the residue type to ${LIB}/restyp.lib,
              its topology to ${LIB}/top_*.lib, and suitable forcefield
              parameters to ${LIB}/par.lib.

Dynamically allocated memory at    amaxsequence [B,KiB,MiB]:       417351     407.569     0.398

Dynamically allocated memory at amaxcoordinates [B,KiB,MiB]:       419619     409.784     0.400

Dynamically allocated memory at       amaxmodel [B,KiB,MiB]:       803747     784.909     0.767
read_mo_297_> Segments, residues, atoms:        1      565     3632
read_mo_298_> Segment:        1  1:A  720:A     3632
alignment__W> The class 'alignment' is deprecated; use 'Alignment' instead

Dynamically allocated memory at   amaxalignment [B,KiB,MiB]:       821084     801.840     0.783

Dynamically allocated memory at   amaxstructure [B,KiB,MiB]:      1121429    1095.146     1.069
openf___224_> Open           ./5xmv_A.pdb.seq

Dynamically allocated memory at          finish [B,KiB,MiB]:      1121429    1095.146     1.069
Starting time                                            : 2021/04/26 17:40:46
Closing time                                             : 2021/04/26 17:40:46
Total CPU time [seconds]                                 :       0.23
