
                         MODELLER 10.0, 2021/01/25, r12005

     PROTEIN STRUCTURE MODELLING BY SATISFACTION OF SPATIAL RESTRAINTS


                     Copyright(c) 1989-2021 Andrej Sali
                            All Rights Reserved

                             Written by A. Sali
                               with help from
              B. Webb, M.S. Madhusudhan, M-Y. Shen, G.Q. Dong,
          M.A. Marti-Renom, N. Eswar, F. Alber, M. Topf, B. Oliva,
             A. Fiser, R. Sanchez, B. Yerkovich, A. Badretdinov,
                     F. Melo, J.P. Overington, E. Feyfant
                 University of California, San Francisco, USA
                    Rockefeller University, New York, USA
                      Harvard University, Cambridge, USA
                   Imperial Cancer Research Fund, London, UK
              Birkbeck College, University of London, London, UK


Kind, OS, HostName, Kernel, Processor: 4, Windows Vista build 9200, DESKTOP-CA8U23F, SMP, unknown
Date and time of compilation         : 2021/01/25 22:02:46
MODELLER executable type             : x86_64-w64
Job starting time (YY/MM/DD HH:MM:SS): 2021/04/26 15:06:37

environ____W> The class 'environ' is deprecated; use 'Environ' instead
openf___224_> Open           $(LIB)/restyp.lib
openf___224_> Open           ${MODINSTALL10v0}/modlib/resgrp.lib
rdresgr_266_> Number of residue groups:        2
openf___224_> Open           ${MODINSTALL10v0}/modlib/sstruc.lib

Dynamically allocated memory at   amaxlibraries [B,KiB,MiB]:       191566     187.076     0.183

Dynamically allocated memory at   amaxlibraries [B,KiB,MiB]:       192094     187.592     0.183
openf___224_> Open           ${MODINSTALL10v0}/modlib/resdih.lib

Dynamically allocated memory at   amaxlibraries [B,KiB,MiB]:       240694     235.053     0.230
rdrdih__263_> Number of dihedral angle types         :        9
              Maximal number of dihedral angle optima:        3
              Dihedral angle names                   :  Alph Phi Psi Omeg chi1 chi2 chi3 chi4 chi5
openf___224_> Open           ${MODINSTALL10v0}/modlib/radii.lib

Dynamically allocated memory at   amaxlibraries [B,KiB,MiB]:       253994     248.041     0.242
openf___224_> Open           ${MODINSTALL10v0}/modlib/af_mnchdef.lib
rdwilmo_274_> Mainchain residue conformation classes:  APBLE
openf___224_> Open           ${MODINSTALL10v0}/modlib/mnch.lib
rdclass_257_> Number of classes:        5
openf___224_> Open           ${MODINSTALL10v0}/modlib/mnch1.lib
openf___224_> Open           ${MODINSTALL10v0}/modlib/mnch2.lib
openf___224_> Open           ${MODINSTALL10v0}/modlib/mnch3.lib
openf___224_> Open           ${MODINSTALL10v0}/modlib/xs4.mat
rdrrwgh_268_> Number of residue types:       21
IOData_____W> Setting io.atom_files_directory to a colon-delimited string is
              deprecated, as it is not robust on Windows systems. Set it to
              a list of directories instead. For example:
              env.io.atom_files_directory = ['./', '../atom_files']
runcmd_____W>: creation of new member 'matrix_file' in <modeller.environ.environ object at 0x00000000267BD748>: possible typo!
runcmd_____W>: creation of new member 'write_fit' in <modeller.environ.environ object at 0x00000000267BD748>: possible typo!
runcmd_____W>: creation of new member 'overhang' in <modeller.environ.environ object at 0x00000000267BD748>: possible typo!
alignment__W> The class 'alignment' is deprecated; use 'Alignment' instead
model______W> The class 'model' is deprecated; use 'Model' instead
openf___224_> Open           ./5xmv.pdb

Dynamically allocated memory at amaxcoordinates [B,KiB,MiB]:       266204     259.965     0.254

Dynamically allocated memory at    amaxsequence [B,KiB,MiB]:       266280     260.039     0.254

Dynamically allocated memory at amaxcoordinates [B,KiB,MiB]:       266451     260.206     0.254

Dynamically allocated memory at amaxcoordinates [B,KiB,MiB]:       267301     261.036     0.255

Dynamically allocated memory at amaxcoordinates [B,KiB,MiB]:       268559     262.265     0.256

Dynamically allocated memory at amaxcoordinates [B,KiB,MiB]:       270463     264.124     0.258

Dynamically allocated memory at    amaxsequence [B,KiB,MiB]:       270503     264.163     0.258

Dynamically allocated memory at amaxcoordinates [B,KiB,MiB]:       270593     264.251     0.258

Dynamically allocated memory at amaxcoordinates [B,KiB,MiB]:       273449     267.040     0.261

Dynamically allocated memory at amaxcoordinates [B,KiB,MiB]:       277733     271.224     0.265

Dynamically allocated memory at    amaxsequence [B,KiB,MiB]:       277793     271.282     0.265

Dynamically allocated memory at amaxcoordinates [B,KiB,MiB]:       277928     271.414     0.265

Dynamically allocated memory at    amaxsequence [B,KiB,MiB]:       278016     271.500     0.265

Dynamically allocated memory at amaxcoordinates [B,KiB,MiB]:       278214     271.693     0.265

Dynamically allocated memory at amaxcoordinates [B,KiB,MiB]:       284640     277.969     0.271

Dynamically allocated memory at    amaxsequence [B,KiB,MiB]:       284772     278.098     0.272

Dynamically allocated memory at amaxcoordinates [B,KiB,MiB]:       285069     278.388     0.272

Dynamically allocated memory at amaxcoordinates [B,KiB,MiB]:       294691     287.784     0.281

Dynamically allocated memory at    amaxsequence [B,KiB,MiB]:       294891     287.979     0.281

Dynamically allocated memory at amaxcoordinates [B,KiB,MiB]:       295341     288.419     0.282

Dynamically allocated memory at amaxcoordinates [B,KiB,MiB]:       309791     302.530     0.295

Dynamically allocated memory at    amaxsequence [B,KiB,MiB]:       310091     302.823     0.296

Dynamically allocated memory at amaxcoordinates [B,KiB,MiB]:       310766     303.482     0.296

Dynamically allocated memory at amaxcoordinates [B,KiB,MiB]:       332424     324.633     0.317

Dynamically allocated memory at    amaxsequence [B,KiB,MiB]:       332872     325.070     0.317

Dynamically allocated memory at amaxcoordinates [B,KiB,MiB]:       333880     326.055     0.318

Dynamically allocated memory at amaxcoordinates [B,KiB,MiB]:       366384     357.797     0.349

Dynamically allocated memory at    amaxsequence [B,KiB,MiB]:       367056     358.453     0.350

Dynamically allocated memory at amaxcoordinates [B,KiB,MiB]:       368568     359.930     0.351

Dynamically allocated memory at amaxcoordinates [B,KiB,MiB]:       417324     407.543     0.398

Dynamically allocated memory at       amaxmodel [B,KiB,MiB]:       765164     747.230     0.730
read_mo_297_> Segments, residues, atoms:        1      442     3458
read_mo_298_> Segment:        1  1:A  442:A     3458

Dynamically allocated memory at   amaxalignment [B,KiB,MiB]:       777953     759.720     0.742

Dynamically allocated memory at   amaxstructure [B,KiB,MiB]:      1033883    1009.651     0.986
openf___224_> Open           ./alvo.seq

Dynamically allocated memory at   amaxalignment [B,KiB,MiB]:      1174809    1147.274     1.120

Dynamically allocated memory at    amaxsequence [B,KiB,MiB]:      1176573    1148.997     1.122

Read the alignment from file       : ./alvo.seq

Total number of alignment positions:   442

  #  Code        #_Res #_Segm PDB_code    Name
-------------------------------------------------------------------------------
  1     ./5xmv     442      1      ./5xmv MOL_ID  1; MOLECULE  SERINE HYDROXYMETHYLTRANSFERASE; CHAIN  A, B, C; FRAGMENT
  2       alvo     442      1        alvo
align2d_276_> 'align_block' changed to 1.
mkapsa__637W> No residue topology library is in memory.
              Better radii would be used if topology.read() is called first.
iup2crm_280W> No topology library in memory or assigning a BLK residue.
              Default CHARMM atom type assigned:  N -->  N
              This message is written only for the first such atom.
openf___224_> Open           $(LIB)/as1.sim.mat
rdrrwgh_268_> Number of residue types:       20

Pairwise dynamic programming alignment (ALIGN2D):
  Residue-residue metric   : $(LIB)/as1.sim.mat
  Diagonal                 :          100
  Overhang                 :            0
  Maximal gap length       :       999999
  Local alignment          :            F
  MATRIX_OFFSET (local aln):       0.0000
  FIX_OFFSETS              :      0.0    -1.0    -2.0    -3.0    -4.0
  N_SUBOPT                 :            0
  SUBOPT_OFFSET            :       0.0000
  Alignment block          :            1
  Gap introduction penalty :    -100.0000
  Gap extension penalty    :       0.0000
  Gap diagonal penalty     :       0.0000
  Structure gap penalties  :    3.500   3.500   3.500   0.200   4.000   6.500   2.000   0.000
  Break-break bonus        :   10000.0000
  Length of alignment      :          442
  Score                    :  359645.0000
openf___224_> Open           ./align_5xmv_alvo.ali
openf___224_> Open           ./align_5xmv_alvo.pap

Dynamically allocated memory at          finish [B,KiB,MiB]:      1176573    1148.997     1.122
Starting time                                            : 2021/04/26 15:06:37
Closing time                                             : 2021/04/26 15:07:35
Total CPU time [seconds]                                 :      57.45
