Started on Tue Aug 13 16:21:56 2024
Command line was: /scratch/txsaureus/softwares/amber18/miniconda/lib/python2.7/site-packages/alchemical_analysis-1.0.2.dev0-py2.7.egg/alchemical_analysis/alchemical_analysis.py -a AMBER -d . -p *.*/ti00[1-2] -q out -o . -r 5 -u kcal -s 2000 --methods=TI -i 1

Loading in data from ./0.20/ti001.out...  5000 data points, 1 DV/DL averages
Loading in data from ./0.15/ti001.out...  5000 data points, 1 DV/DL averages
Loading in data from ./0.95/ti001.out...  5000 data points, 1 DV/DL averages
Loading in data from ./0.85/ti001.out...  5000 data points, 1 DV/DL averages
Loading in data from ./0.75/ti001.out...  5000 data points, 1 DV/DL averages
Loading in data from ./0.00/ti001.out...  5000 data points, 1 DV/DL averages
Loading in data from ./0.35/ti001.out...  5000 data points, 1 DV/DL averages
Loading in data from ./0.55/ti001.out...  5000 data points, 1 DV/DL averages
Loading in data from ./0.90/ti001.out...  5000 data points, 1 DV/DL averages
Loading in data from ./0.25/ti001.out...  5000 data points, 1 DV/DL averages
Loading in data from ./0.05/ti001.out...  5000 data points, 1 DV/DL averages
Loading in data from ./0.10/ti001.out...  5000 data points, 1 DV/DL averages
Loading in data from ./0.45/ti001.out...  5000 data points, 1 DV/DL averages
Loading in data from ./0.30/ti001.out...  5000 data points, 1 DV/DL averages
Loading in data from ./0.80/ti001.out...  5000 data points, 1 DV/DL averages
Loading in data from ./0.40/ti001.out...  5000 data points, 1 DV/DL averages
Loading in data from ./0.65/ti001.out...  5000 data points, 1 DV/DL averages
Loading in data from ./1.00/ti001.out...  5000 data points, 1 DV/DL averages
Loading in data from ./0.50/ti001.out...  5000 data points, 1 DV/DL averages
Loading in data from ./0.60/ti001.out...  5000 data points, 1 DV/DL averages
Loading in data from ./0.70/ti001.out...  5000 data points, 1 DV/DL averages

Sorting input data by starting time

Note: BAR/MBAR results are not computed.

Skipping first 1000 steps (= 2000.000000 ps)


The gradients (DV/DL) from the correlated samples (kcal/mol):

Lambda   gradient
-----------------
0.00000   -48.327
0.05000   -48.596
0.10000   -48.714
0.15000   -49.075
0.20000   -49.248
0.25000   -49.547
0.30000   -49.805
0.35000   -50.053
0.40000   -50.263
0.45000   -50.562
0.50000   -50.980
0.55000   -50.992
0.60000   -51.108
0.65000   -52.065
0.70000   -51.727
0.75000   -52.303
0.80000   -52.217
0.85000   -52.583
0.90000   -52.695
0.95000   -52.916
1.00000   -53.302
-----------------
   dG =   -50.813

The correlated gradient (DV/DL) components from _every_single_ step (kcal/mol):

Lambda       BOND     ANGLE     DIHED    1-4 NB   1-4 EEL   VDWAALS     EELEC RESTRAINT
---------------------------------------------------------------------------------------
0.00000     0.000     0.000     0.000     0.000    84.225     0.000  -132.540     0.000
0.05000     0.000     0.000     0.000     0.000    84.093     0.000  -132.668     0.000
0.10000     0.000     0.000     0.000     0.000    83.706     0.000  -132.405     0.000
0.15000     0.000     0.000     0.000     0.000    83.954     0.000  -132.993     0.000
0.20000     0.000     0.000     0.000     0.000    83.701     0.000  -132.937     0.000
0.25000     0.000     0.000     0.000     0.000    83.585     0.000  -133.151     0.000
0.30000     0.000     0.000     0.000     0.000    83.559     0.000  -133.464     0.000
0.35000     0.000     0.000     0.000     0.000    83.672     0.000  -133.691     0.000
0.40000     0.000     0.000     0.000     0.000    83.291     0.000  -133.576     0.000
0.45000     0.000     0.000     0.000     0.000    83.477     0.000  -134.052     0.000
0.50000     0.000     0.000     0.000     0.000    83.367     0.000  -134.272     0.000
0.55000     0.000     0.000     0.000     0.000    83.157     0.000  -134.149     0.000
0.60000     0.000     0.000     0.000     0.000    83.224     0.000  -134.343     0.000
0.65000     0.000     0.000     0.000     0.000    83.464     0.000  -135.404     0.000
0.70000     0.000     0.000     0.000     0.000    83.257     0.000  -134.970     0.000
0.75000     0.000     0.000     0.000     0.000    83.080     0.000  -135.280     0.000
0.80000     0.000     0.000     0.000     0.000    83.043     0.000  -135.225     0.000
0.85000     0.000     0.000     0.000     0.000    83.028     0.000  -135.597     0.000
0.90000     0.000     0.000     0.000     0.000    82.887     0.000  -135.596     0.000
0.95000     0.000     0.000     0.000     0.000    82.813     0.000  -135.745     0.000
1.00000     0.000     0.000     0.000     0.000    82.777     0.000  -136.090     0.000
---------------------------------------------------------------------------------------
   dG =     0.000     0.000     0.000     0.000    83.393     0.000  -134.192     0.000 



Number of correlated and uncorrelated samples:

 State            N          N_k        N/N_k

     0          749          749         5.35
     1          678          678         5.90
     2          809          809         4.94
     3         1166         1166         3.43
     4         1223         1223         3.27
     5         1698         1698         2.36
     6         1534         1534         2.61
     7         1844         1844         2.17
     8          509          509         7.86
     9         1375         1375         2.91
    10          655          655         6.11
    11          960          960         4.17
    12          546          546         7.33
    13         2726         2726         1.47
    14         2544         2544         1.57
    15          196          196        20.50
    16         2029         2029         1.97
    17         1789         1789         2.24
    18         2082         2082         1.92
    19         1435         1435         2.79
    20         2250         2250         1.78
Estimating the free energy change with TI...
------------ ------------------------- 
   States             TI (kcal/mol)    
------------ ------------------------- 
   0 -- 1        -2.42524  +-  0.00236 
   1 -- 2        -2.43145  +-  0.00228 
   2 -- 3        -2.44214  +-  0.00195 
   3 -- 4        -2.45603  +-  0.00177 
   4 -- 5        -2.46749  +-  0.00163 
   5 -- 6        -2.48320  +-  0.00154 
   6 -- 7        -2.49690  +-  0.00146 
   7 -- 8        -2.50932  +-  0.00225 
   8 -- 9        -2.52170  +-  0.00234 
   9 -- 10       -2.53973  +-  0.00206 
  10 -- 11       -2.55121  +-  0.00223 
  11 -- 12       -2.55283  +-  0.00236 
  12 -- 13       -2.57913  +-  0.00204 
  13 -- 14       -2.59546  +-  0.00117 
  14 -- 15       -2.59842  +-  0.00341 
  15 -- 16       -2.61029  +-  0.00344 
  16 -- 17       -2.62063  +-  0.00138 
  17 -- 18       -2.63211  +-  0.00137 
  18 -- 19       -2.63838  +-  0.00148 
  19 -- 20       -2.65349  +-  0.00145 
------------ ------------------------- 
    TOTAL:      -50.80514  +-  0.01309 

**************************************
   The above table has been stored in   
             ./results.txt              
     while the full-precision data      
 (along with the simulation profile) in 
            ./results.pickle            
**************************************

Time spent: 0 hours, 6 minutes, and 41.47 seconds.
Finished on Tue Aug 13 16:28:37 2024
