Started on Tue Aug 13 16:20:53 2024
Command line was: /scratch/txsaureus/softwares/amber18/miniconda/lib/python2.7/site-packages/alchemical_analysis-1.0.2.dev0-py2.7.egg/alchemical_analysis/alchemical_analysis.py -a AMBER -d . -p *.*/ti00[1-2] -q out -o . -r 5 -u kcal -s 2000 --methods=TI -i 1

Loading in data from ./0.20/ti001.out...  5000 data points, 1 DV/DL averages
Loading in data from ./0.15/ti001.out...  5000 data points, 1 DV/DL averages
Loading in data from ./0.95/ti001.out...  5000 data points, 1 DV/DL averages
Loading in data from ./0.85/ti001.out...  5000 data points, 1 DV/DL averages
Loading in data from ./0.75/ti001.out...  5000 data points, 1 DV/DL averages
Loading in data from ./0.00/ti001.out...  5000 data points, 1 DV/DL averages
Loading in data from ./0.35/ti001.out...  5000 data points, 1 DV/DL averages
Loading in data from ./0.55/ti001.out...  5000 data points, 1 DV/DL averages
Loading in data from ./0.90/ti001.out...  5000 data points, 1 DV/DL averages
Loading in data from ./0.25/ti001.out...  5000 data points, 1 DV/DL averages
Loading in data from ./0.05/ti001.out...  5000 data points, 1 DV/DL averages
Loading in data from ./0.10/ti001.out...  5000 data points, 1 DV/DL averages
Loading in data from ./0.45/ti001.out...  5000 data points, 1 DV/DL averages
Loading in data from ./0.30/ti001.out...  5000 data points, 1 DV/DL averages
Loading in data from ./0.80/ti001.out...  5000 data points, 1 DV/DL averages
Loading in data from ./0.40/ti001.out...  5000 data points, 1 DV/DL averages
Loading in data from ./0.65/ti001.out...  5000 data points, 1 DV/DL averages
Loading in data from ./1.00/ti001.out...  5000 data points, 1 DV/DL averages
Loading in data from ./0.50/ti001.out...  5000 data points, 1 DV/DL averages
Loading in data from ./0.60/ti001.out...  5000 data points, 1 DV/DL averages
Loading in data from ./0.70/ti001.out...  5000 data points, 1 DV/DL averages

Sorting input data by starting time

Note: BAR/MBAR results are not computed.

Skipping first 1000 steps (= 2000.000000 ps)


The gradients (DV/DL) from the correlated samples (kcal/mol):

Lambda   gradient
-----------------
0.00000    -6.663
0.05000    -6.163
0.10000    -4.173
0.15000    -2.109
0.20000     0.131
0.25000     2.202
0.30000     4.263
0.35000     7.168
0.40000    10.169
0.45000    13.579
0.50000    15.640
0.55000    17.947
0.60000    16.488
0.65000    17.344
0.70000    13.205
0.75000     7.579
0.80000     4.257
0.85000     4.842
0.90000     4.864
0.95000     4.728
1.00000     5.151
-----------------
   dG =     6.560

The correlated gradient (DV/DL) components from _every_single_ step (kcal/mol):

Lambda       BOND     ANGLE     DIHED    1-4 NB   1-4 EEL   VDWAALS     EELEC RESTRAINT
---------------------------------------------------------------------------------------
0.00000     0.000     0.000     0.000     4.199     0.000    -6.284     0.000     0.000
0.05000     0.000     0.000     0.000     3.577     0.000    -5.795     0.000     0.000
0.10000     0.000     0.000     0.000     3.213     0.000    -4.979     0.000     0.000
0.15000     0.000     0.000     0.000     3.042     0.000    -4.298     0.000     0.000
0.20000     0.000     0.000     0.000     2.842     0.000    -3.840     0.000     0.000
0.25000     0.000     0.000     0.000     2.693     0.000    -3.193     0.000     0.000
0.30000     0.000     0.000     0.000     2.560     0.000    -2.869     0.000     0.000
0.35000     0.000     0.000     0.000     2.460     0.000    -2.329     0.000     0.000
0.40000     0.000     0.000     0.000     2.402     0.000    -1.745     0.000     0.000
0.45000     0.000     0.000     0.000     2.270     0.000    -1.228     0.000     0.000
0.50000     0.000     0.000     0.000     2.256     0.000    -1.101     0.000     0.000
0.55000     0.000     0.000     0.000     2.070     0.000    -0.768     0.000     0.000
0.60000     0.000     0.000     0.000     1.964     0.000    -1.596     0.000     0.000
0.65000     0.000     0.000     0.000     1.499     0.000    -1.524     0.000     0.000
0.70000     0.000     0.000     0.000     1.610     0.000    -3.464     0.000     0.000
0.75000     0.000     0.000     0.000     1.265     0.000    -4.314     0.000     0.000
0.80000     0.000     0.000     0.000     1.166     0.000    -5.176     0.000     0.000
0.85000     0.000     0.000     0.000     1.017     0.000    -5.171     0.000     0.000
0.90000     0.000     0.000     0.000     0.891     0.000    -5.357     0.000     0.000
0.95000     0.000     0.000     0.000     0.845     0.000    -5.307     0.000     0.000
1.00000     0.000     0.000     0.000     0.804     0.000    -5.538     0.000     0.000
---------------------------------------------------------------------------------------
   dG =     0.000     0.000     0.000     2.107     0.000    -3.498     0.000     0.000 



Number of correlated and uncorrelated samples:

 State            N          N_k        N/N_k

     0         3273         3273         1.22
     1         1305         1305         3.06
     2          844          844         4.74
     3          235          235        17.05
     4          184          184        21.75
     5          103          103        38.85
     6          424          424         9.43
     7          413          413         9.70
     8          619          619         6.47
     9         1154         1154         3.47
    10         2955         2955         1.35
    11         1582         1582         2.53
    12           23           23       176.52
    13           21           21       193.99
    14           19           19       222.06
    15           75           75        53.68
    16         1535         1535         2.61
    17         3766         3766         1.06
    18         3376         3376         1.18
    19         1182         1182         3.38
    20         2054         2054         1.95
Estimating the free energy change with TI...
------------ ------------------------- 
   States             TI (kcal/mol)    
------------ ------------------------- 
   0 -- 1        -0.31858  +-  0.00374 
   1 -- 2        -0.25416  +-  0.00487 
   2 -- 3        -0.15773  +-  0.00777 
   3 -- 4        -0.05241  +-  0.01039 
   4 -- 5         0.04000  +-  0.01561 
   5 -- 6         0.14107  +-  0.01487 
   6 -- 7         0.27884  +-  0.00899 
   7 -- 8         0.43026  +-  0.00859 
   8 -- 9         0.59224  +-  0.00733 
   9 -- 10        0.72859  +-  0.00567 
  10 -- 11        0.84705  +-  0.00600 
  11 -- 12        0.87594  +-  0.05692 
  12 -- 13        0.85901  +-  0.08488 
  13 -- 14        0.73265  +-  0.08792 
  14 -- 15        0.50008  +-  0.06459 
  15 -- 16        0.30949  +-  0.02117 
  16 -- 17        0.22465  +-  0.00455 
  17 -- 18        0.24247  +-  0.00358 
  18 -- 19        0.23805  +-  0.00505 
  19 -- 20        0.24744  +-  0.00544 
------------ ------------------------- 
    TOTAL:        6.50494  +-  0.21827 

**************************************
   The above table has been stored in   
             ./results.txt              
     while the full-precision data      
 (along with the simulation profile) in 
            ./results.pickle            
**************************************

Time spent: 0 hours, 4 minutes, and 47.45 seconds.
Finished on Tue Aug 13 16:25:40 2024
