Started on Tue Aug 13 09:54:56 2024
Command line was: /scratch/txsaureus/softwares/amber18/miniconda/lib/python2.7/site-packages/alchemical_analysis-1.0.2.dev0-py2.7.egg/alchemical_analysis/alchemical_analysis.py -a AMBER -d . -p *.*/ti00[1-2] -q out -o . -r 5 -u kcal -s 2000 --methods=TI -i 1

Loading in data from ./0.20/ti001.out...  500 data points, 1 DV/DL averages
Loading in data from ./0.15/ti001.out...  500 data points, 1 DV/DL averages
Loading in data from ./0.95/ti001.out...  500 data points, 1 DV/DL averages
Loading in data from ./0.85/ti001.out...  500 data points, 1 DV/DL averages
Loading in data from ./0.75/ti001.out...  500 data points, 1 DV/DL averages
Loading in data from ./0.00/ti001.out...  500 data points, 1 DV/DL averages
Loading in data from ./0.35/ti001.out...  500 data points, 1 DV/DL averages
Loading in data from ./0.55/ti001.out...  500 data points, 1 DV/DL averages
Loading in data from ./0.90/ti001.out...  500 data points, 1 DV/DL averages
Loading in data from ./0.25/ti001.out...  500 data points, 1 DV/DL averages
Loading in data from ./0.05/ti001.out...  500 data points, 1 DV/DL averages
Loading in data from ./0.10/ti001.out...  500 data points, 1 DV/DL averages
Loading in data from ./0.45/ti001.out...  500 data points, 1 DV/DL averages
Loading in data from ./0.30/ti001.out...  500 data points, 1 DV/DL averages
Loading in data from ./0.80/ti001.out...  500 data points, 1 DV/DL averages
Loading in data from ./0.40/ti001.out...  500 data points, 1 DV/DL averages
Loading in data from ./0.65/ti001.out...  500 data points, 1 DV/DL averages
Loading in data from ./1.00/ti001.out...  500 data points, 1 DV/DL averages
Loading in data from ./0.50/ti001.out...  500 data points, 1 DV/DL averages
Loading in data from ./0.60/ti001.out...  500 data points, 1 DV/DL averages
Loading in data from ./0.70/ti001.out...  500 data points, 1 DV/DL averages

Sorting input data by starting time

Note: BAR/MBAR results are not computed.

Skipping first 100 steps (= 2000.000000 ps)


The gradients (DV/DL) from the correlated samples (kcal/mol):

Lambda   gradient
-----------------
0.00000     6.799
0.05000     6.344
0.10000     6.235
0.15000     6.150
0.20000     6.219
0.25000     5.632
0.30000     3.900
0.35000     3.794
0.40000     3.651
0.45000     2.384
0.50000     1.085
0.55000    -0.657
0.60000    -2.126
0.65000    -6.507
0.70000   -11.626
0.75000   -17.792
0.80000   -19.162
0.85000   -14.845
0.90000    -9.909
0.95000    -4.645
1.00000     0.090
-----------------
   dG =    -1.921

The correlated gradient (DV/DL) components from _every_single_ step (kcal/mol):

Lambda       BOND     ANGLE     DIHED    1-4 NB   1-4 EEL   VDWAALS     EELEC RESTRAINT
---------------------------------------------------------------------------------------
0.00000     0.000     0.000     0.000     0.000     0.000    12.200     0.000     0.000
0.05000     0.000     0.000     0.000     0.000     0.000    12.120     0.000     0.000
0.10000     0.000     0.000     0.000     0.000     0.000    12.027     0.000     0.000
0.15000     0.000     0.000     0.000     0.000     0.000    12.026     0.000     0.000
0.20000     0.000     0.000     0.000     0.000     0.000    11.882     0.000     0.000
0.25000     0.000     0.000     0.000     0.000     0.000    11.611     0.000     0.000
0.30000     0.000     0.000     0.000     0.000     0.000    11.097     0.000     0.000
0.35000     0.000     0.000     0.000     0.000     0.000    10.959     0.000     0.000
0.40000     0.000     0.000     0.000     0.000     0.000    10.722     0.000     0.000
0.45000     0.000     0.000     0.000     0.000     0.000    10.037     0.000     0.000
0.50000     0.000     0.000     0.000     0.000     0.000     9.354     0.000     0.000
0.55000     0.000     0.000     0.000     0.000     0.000     8.355     0.000     0.000
0.60000     0.000     0.000     0.000     0.000     0.000     7.175     0.000     0.000
0.65000     0.000     0.000     0.000     0.000     0.000     4.876     0.000     0.000
0.70000     0.000     0.000     0.000     0.000     0.000     1.133     0.000     0.000
0.75000     0.000     0.000     0.000     0.000     0.000    -3.364     0.000     0.000
0.80000     0.000     0.000     0.000     0.000     0.000    -6.136     0.000     0.000
0.85000     0.000     0.000     0.000     0.000     0.000    -5.478     0.000     0.000
0.90000     0.000     0.000     0.000     0.000     0.000    -3.940     0.000     0.000
0.95000     0.000     0.000     0.000     0.000     0.000    -1.954     0.000     0.000
1.00000     0.000     0.000     0.000     0.000     0.000     0.096     0.000     0.000
---------------------------------------------------------------------------------------
   dG =     0.000     0.000     0.000     0.000     0.000     5.933     0.000     0.000 



Number of correlated and uncorrelated samples:

 State            N          N_k        N/N_k

     0          372          372         1.07
     1          367          367         1.09
     2          283          283         1.41
     3          346          346         1.16
     4          308          308         1.30
     5          347          347         1.15
     6          400          400         1.00
     7          378          378         1.06
     8          400          400         1.00
     9          267          267         1.50
    10          400          400         1.00
    11          400          400         1.00
    12          379          379         1.05
    13          281          281         1.42
    14          340          340         1.18
    15          400          400         1.00
    16          400          400         1.00
    17          347          347         1.15
    18          274          274         1.46
    19          377          377         1.06
    20          311          311         1.29
Estimating the free energy change with TI...
------------ ------------------------- 
   States             TI (kcal/mol)    
------------ ------------------------- 
   0 -- 1         0.33291  +-  0.00827 
   1 -- 2         0.31748  +-  0.00934 
   2 -- 3         0.31143  +-  0.00951 
   3 -- 4         0.31200  +-  0.00967 
   4 -- 5         0.29316  +-  0.01002 
   5 -- 6         0.23449  +-  0.01034 
   6 -- 7         0.19335  +-  0.01119 
   7 -- 8         0.18713  +-  0.01077 
   8 -- 9         0.15269  +-  0.01235 
   9 -- 10        0.08854  +-  0.01391 
  10 -- 11        0.01071  +-  0.01425 
  11 -- 12       -0.06615  +-  0.01511 
  12 -- 13       -0.21176  +-  0.02078 
  13 -- 14       -0.46591  +-  0.02566 
  14 -- 15       -0.74868  +-  0.02391 
  15 -- 16       -0.92386  +-  0.01889 
  16 -- 17       -0.84966  +-  0.01397 
  17 -- 18       -0.61473  +-  0.00993 
  18 -- 19       -0.36034  +-  0.00663 
  19 -- 20       -0.11241  +-  0.00430 
------------ ------------------------- 
    TOTAL:       -1.91961  +-  0.08855 

**************************************
   The above table has been stored in   
             ./results.txt              
     while the full-precision data      
 (along with the simulation profile) in 
            ./results.pickle            
**************************************

Time spent: 0 hours, 6 minutes, and 56.49 seconds.
Finished on Tue Aug 13 10:01:52 2024
